<?xml version="1.0" encoding="UTF-8"?>
<!-- Generated by org.testng.reporters.JUnitXMLReporter -->
<testsuite hostname="PREETISH-PC" ignored="0" name="Test" tests="1" failures="1" timestamp="2021-09-30T06:20:44 IST" time="12.886" errors="0">
  <testcase name="feature" time="11.47" classname="testRunner.TestNGRunner">
    <failure type="cucumber.runtime.CucumberException" message="java.lang.NullPointerException">
      <![CDATA[cucumber.runtime.CucumberException: java.lang.NullPointerException
at cucumber.api.testng.TestNGCucumberRunner.runCucumber(TestNGCucumberRunner.java:69)
at testRunner.TestNGRunner.feature(TestNGRunner.java:40)
at java.util.ArrayList.forEach(ArrayList.java:1249)
Caused by: java.lang.NullPointerException
at utility.TestUtil.takeScreenShot(TestUtil.java:29)
at stepDefinition.LoginStepDefinition.user_enters_username_and_password(LoginStepDefinition.java:78)
at ✽.Then user enters "Admin" and "admin123"(Features/TestNgLogin.feature:6)
... Removed 28 stack frames]]>
    </failure>
  </testcase> <!-- feature -->
</testsuite> <!-- Test -->
