<?xml version="1.0" encoding="UTF-8"?>
<testng-results skipped="0" failed="0" ignored="0" total="1" passed="1">
  <reporter-output>
  </reporter-output>
  <suite name="Suite" duration-ms="23481" started-at="2021-09-30T00:51:53Z" finished-at="2021-09-30T00:52:16Z">
    <groups>
      <group name="cucumber">
        <method signature="TestNGRunner.feature(cucumber.api.testng.CucumberFeatureWrapper)[pri:0, instance:testRunner.TestNGRunner@186dec2]" name="feature" class="testRunner.TestNGRunner"/>
      </group> <!-- cucumber -->
    </groups>
    <test name="Test" duration-ms="23481" started-at="2021-09-30T00:51:53Z" finished-at="2021-09-30T00:52:16Z">
      <class name="testRunner.TestNGRunner">
        <test-method status="PASS" signature="setUpClass()[pri:0, instance:testRunner.TestNGRunner@186dec2]" name="setUpClass" is-config="true" duration-ms="376" started-at="2021-09-30T00:51:53Z" finished-at="2021-09-30T00:51:53Z">
          <reporter-output>
          </reporter-output>
        </test-method> <!-- setUpClass -->
        <test-method status="PASS" signature="feature(cucumber.api.testng.CucumberFeatureWrapper)[pri:0, instance:testRunner.TestNGRunner@186dec2]" name="feature" duration-ms="22060" started-at="2021-09-30T00:51:54Z" description="Runs Cucumber Feature" data-provider="features" finished-at="2021-09-30T00:52:16Z">
          <params>
            <param index="0">
              <value>
                <![CDATA[Free OrangeHRM Login Feature]]>
              </value>
            </param>
          </params>
          <reporter-output>
          </reporter-output>
        </test-method> <!-- feature -->
        <test-method status="PASS" signature="tearDownClass()[pri:0, instance:testRunner.TestNGRunner@186dec2]" name="tearDownClass" is-config="true" duration-ms="500" started-at="2021-09-30T00:52:16Z" finished-at="2021-09-30T00:52:16Z">
          <reporter-output>
          </reporter-output>
        </test-method> <!-- tearDownClass -->
      </class> <!-- testRunner.TestNGRunner -->
    </test> <!-- Test -->
  </suite> <!-- Suite -->
</testng-results>
