<?xml version="1.0" encoding="UTF-8"?>
<testng-results skipped="0" failed="1" ignored="0" total="1" passed="0">
  <reporter-output>
  </reporter-output>
  <suite name="Suite" duration-ms="12886" started-at="2021-09-30T06:20:31 IST" finished-at="2021-09-30T06:20:44 IST">
    <groups>
      <group name="cucumber">
        <method signature="TestNGRunner.feature(cucumber.api.testng.CucumberFeatureWrapper)[pri:0, instance:testRunner.TestNGRunner@611244]" name="feature" class="testRunner.TestNGRunner"/>
      </group> <!-- cucumber -->
    </groups>
    <test name="Test" duration-ms="12886" started-at="2021-09-30T06:20:31 IST" finished-at="2021-09-30T06:20:44 IST">
      <class name="testRunner.TestNGRunner">
        <test-method status="PASS" signature="setUpClass()[pri:0, instance:testRunner.TestNGRunner@611244]" name="setUpClass" is-config="true" duration-ms="343" started-at="2021-09-30T06:20:31 IST" finished-at="2021-09-30T06:20:32 IST">
          <reporter-output>
          </reporter-output>
        </test-method> <!-- setUpClass -->
        <test-method status="FAIL" signature="feature(cucumber.api.testng.CucumberFeatureWrapper)[pri:0, instance:testRunner.TestNGRunner@611244]" name="feature" duration-ms="11470" started-at="2021-09-30T06:20:32 IST" description="Runs Cucumber Feature" data-provider="features" finished-at="2021-09-30T06:20:43 IST">
          <params>
            <param index="0">
              <value>
                <![CDATA[Free OrangeHRM Login Feature]]>
              </value>
            </param>
          </params>
          <exception class="cucumber.runtime.CucumberException">
            <message>
              <![CDATA[java.lang.NullPointerException]]>
            </message>
            <full-stacktrace>
              <![CDATA[cucumber.runtime.CucumberException: java.lang.NullPointerException
at cucumber.api.testng.TestNGCucumberRunner.runCucumber(TestNGCucumberRunner.java:69)
at testRunner.TestNGRunner.feature(TestNGRunner.java:40)
at sun.reflect.NativeMethodAccessorImpl.invoke0(Native Method)
at sun.reflect.NativeMethodAccessorImpl.invoke(NativeMethodAccessorImpl.java:62)
at sun.reflect.DelegatingMethodAccessorImpl.invoke(DelegatingMethodAccessorImpl.java:43)
at java.lang.reflect.Method.invoke(Method.java:497)
at org.testng.internal.MethodInvocationHelper.invokeMethod(MethodInvocationHelper.java:133)
at org.testng.internal.TestInvoker.invokeMethod(TestInvoker.java:598)
at org.testng.internal.TestInvoker.invokeTestMethod(TestInvoker.java:173)
at org.testng.internal.MethodRunner.runInSequence(MethodRunner.java:46)
at org.testng.internal.TestInvoker$MethodInvocationAgent.invoke(TestInvoker.java:824)
at org.testng.internal.TestInvoker.invokeTestMethods(TestInvoker.java:146)
at org.testng.internal.TestMethodWorker.invokeTestMethods(TestMethodWorker.java:146)
at org.testng.internal.TestMethodWorker.run(TestMethodWorker.java:128)
at org.testng.TestRunner$$Lambda$101/28749516.accept(Unknown Source)
at java.util.ArrayList.forEach(ArrayList.java:1249)
at org.testng.TestRunner.privateRun(TestRunner.java:794)
at org.testng.TestRunner.run(TestRunner.java:596)
at org.testng.SuiteRunner.runTest(SuiteRunner.java:377)
at org.testng.SuiteRunner.runSequentially(SuiteRunner.java:371)
at org.testng.SuiteRunner.privateRun(SuiteRunner.java:332)
at org.testng.SuiteRunner.run(SuiteRunner.java:276)
at org.testng.SuiteRunnerWorker.runSuite(SuiteRunnerWorker.java:53)
at org.testng.SuiteRunnerWorker.run(SuiteRunnerWorker.java:96)
at org.testng.TestNG.runSuitesSequentially(TestNG.java:1212)
at org.testng.TestNG.runSuitesLocally(TestNG.java:1134)
at org.testng.TestNG.runSuites(TestNG.java:1063)
at org.testng.TestNG.run(TestNG.java:1031)
at org.testng.remote.AbstractRemoteTestNG.run(AbstractRemoteTestNG.java:115)
at org.testng.remote.RemoteTestNG.initAndRun(RemoteTestNG.java:251)
at org.testng.remote.RemoteTestNG.main(RemoteTestNG.java:77)
Caused by: java.lang.NullPointerException
at utility.TestUtil.takeScreenShot(TestUtil.java:29)
at stepDefinition.LoginStepDefinition.user_enters_username_and_password(LoginStepDefinition.java:78)
at ✽.Then user enters "Admin" and "admin123"(Features/TestNgLogin.feature:6)
]]>
            </full-stacktrace>
          </exception> <!-- cucumber.runtime.CucumberException -->
          <reporter-output>
          </reporter-output>
        </test-method> <!-- feature -->
        <test-method status="PASS" signature="tearDownClass()[pri:0, instance:testRunner.TestNGRunner@611244]" name="tearDownClass" is-config="true" duration-ms="589" started-at="2021-09-30T06:20:43 IST" finished-at="2021-09-30T06:20:44 IST">
          <reporter-output>
          </reporter-output>
        </test-method> <!-- tearDownClass -->
      </class> <!-- testRunner.TestNGRunner -->
    </test> <!-- Test -->
  </suite> <!-- Suite -->
</testng-results>
